<?xml version="1.0" encoding="UTF-8"?>
<testng-results ignored="0" total="1" passed="1" failed="0" skipped="0">
  <reporter-output>
  </reporter-output>
  <suite started-at="2023-09-26T13:27:06 IST" name="Default suite" finished-at="2023-09-26T13:27:09 IST" duration-ms="2809">
    <groups>
    </groups>
    <test started-at="2023-09-26T13:27:06 IST" name="Default test" finished-at="2023-09-26T13:27:09 IST" duration-ms="2809">
      <class name="com.assignment.fancode.FancodeTest">
        <test-method is-config="true" signature="beforeTest()[pri:0, instance:com.assignment.fancode.FancodeTest@5c80cf32]" started-at="2023-09-26T13:27:06 IST" name="beforeTest" finished-at="2023-09-26T13:27:06 IST" duration-ms="148" status="PASS">
          <reporter-output>
          </reporter-output>
        </test-method> <!-- beforeTest -->
        <test-method is-config="true" signature="setUp()[pri:0, instance:com.assignment.fancode.FancodeTest@5c80cf32]" started-at="2023-09-26T13:27:06 IST" name="setUp" finished-at="2023-09-26T13:27:07 IST" duration-ms="548" status="PASS">
          <reporter-output>
          </reporter-output>
        </test-method> <!-- setUp -->
        <test-method signature="TaskCompletedMoreThan50PercentTest()[pri:0, instance:com.assignment.fancode.FancodeTest@5c80cf32]" started-at="2023-09-26T13:27:07 IST" name="TaskCompletedMoreThan50PercentTest" finished-at="2023-09-26T13:27:09 IST" duration-ms="1755" status="PASS">
          <reporter-output>
          </reporter-output>
        </test-method> <!-- TaskCompletedMoreThan50PercentTest -->
        <test-method is-config="true" signature="getResult(org.testng.ITestResult)[pri:0, instance:com.assignment.fancode.FancodeTest@5c80cf32]" started-at="2023-09-26T13:27:09 IST" name="getResult" finished-at="2023-09-26T13:27:09 IST" duration-ms="9" status="PASS">
          <params>
            <param index="0">
              <value>
                <![CDATA[[TestResult name=TaskCompletedMoreThan50PercentTest status=SUCCESS method=FancodeTest.TaskCompletedMoreThan50PercentTest()[pri:0, instance:com.assignment.fancode.FancodeTest@5c80cf32] output={null}]]]>
              </value>
            </param>
          </params>
          <reporter-output>
          </reporter-output>
        </test-method> <!-- getResult -->
        <test-method is-config="true" signature="afterTest()[pri:0, instance:com.assignment.fancode.FancodeTest@5c80cf32]" started-at="2023-09-26T13:27:09 IST" name="afterTest" finished-at="2023-09-26T13:27:09 IST" duration-ms="317" status="PASS">
          <reporter-output>
          </reporter-output>
        </test-method> <!-- afterTest -->
      </class> <!-- com.assignment.fancode.FancodeTest -->
    </test> <!-- Default test -->
  </suite> <!-- Default suite -->
</testng-results>
