<?xml version="1.0" encoding="UTF-8"?>
<testng-results ignored="0" total="1" passed="1" failed="0" skipped="0">
  <reporter-output>
  </reporter-output>
  <suite started-at="2023-09-26T20:17:52 IST" name="Suite" finished-at="2023-09-26T20:17:55 IST" duration-ms="2567">
    <groups>
    </groups>
    <test started-at="2023-09-26T20:17:52 IST" name="Test" finished-at="2023-09-26T20:17:55 IST" duration-ms="2567">
      <class name="com.assignment.fancode.FancodeTest">
        <test-method is-config="true" signature="beforeTest()[pri:0, instance:com.assignment.fancode.FancodeTest@5c80cf32]" started-at="2023-09-26T20:17:52 IST" name="beforeTest" finished-at="2023-09-26T20:17:52 IST" duration-ms="89" status="PASS">
          <reporter-output>
          </reporter-output>
        </test-method> <!-- beforeTest -->
        <test-method is-config="true" signature="setUp()[pri:0, instance:com.assignment.fancode.FancodeTest@5c80cf32]" started-at="2023-09-26T20:17:52 IST" name="setUp" finished-at="2023-09-26T20:17:53 IST" duration-ms="372" status="PASS">
          <reporter-output>
          </reporter-output>
        </test-method> <!-- setUp -->
        <test-method signature="TaskCompletedMoreThan50PercentTest()[pri:0, instance:com.assignment.fancode.FancodeTest@5c80cf32]" started-at="2023-09-26T20:17:53 IST" name="TaskCompletedMoreThan50PercentTest" finished-at="2023-09-26T20:17:54 IST" duration-ms="1911" status="PASS">
          <reporter-output>
          </reporter-output>
        </test-method> <!-- TaskCompletedMoreThan50PercentTest -->
        <test-method is-config="true" signature="getResult(org.testng.ITestResult)[pri:0, instance:com.assignment.fancode.FancodeTest@5c80cf32]" started-at="2023-09-26T20:17:54 IST" name="getResult" finished-at="2023-09-26T20:17:54 IST" duration-ms="3" status="PASS">
          <params>
            <param index="0">
              <value>
                <![CDATA[[TestResult name=TaskCompletedMoreThan50PercentTest status=SUCCESS method=FancodeTest.TaskCompletedMoreThan50PercentTest()[pri:0, instance:com.assignment.fancode.FancodeTest@5c80cf32] output={null}]]]>
              </value>
            </param>
          </params>
          <reporter-output>
          </reporter-output>
        </test-method> <!-- getResult -->
        <test-method is-config="true" signature="afterTest()[pri:0, instance:com.assignment.fancode.FancodeTest@5c80cf32]" started-at="2023-09-26T20:17:54 IST" name="afterTest" finished-at="2023-09-26T20:17:55 IST" duration-ms="176" status="PASS">
          <reporter-output>
          </reporter-output>
        </test-method> <!-- afterTest -->
      </class> <!-- com.assignment.fancode.FancodeTest -->
    </test> <!-- Test -->
  </suite> <!-- Suite -->
</testng-results>
